<?xml version="1.0" encoding="UTF-8"?>
<!-- Generated by org.testng.reporters.JUnitXMLReporter -->
<testsuite ignored="1" hostname="DESKTOP-R3IULL6" failures="0" tests="1" name="Default test" time="0.037" errors="0" timestamp="2020-12-05T23:15:41 CAT">
  <testcase classname="testDrills.Automation.testing.AppTest" name="test2" time="0.005"/>
  <testcase classname="testDrills.Automation.testing.AppTest" name="test" time="0.0">
    <ignored/>
  </testcase> <!-- test -->
</testsuite> <!-- Default test -->
