<?xml version="1.0" encoding="UTF-8"?>
<!-- Generated by org.testng.reporters.JUnitXMLReporter -->
<testsuite ignored="1" hostname="DESKTOP-R3IULL6" failures="0" tests="2" name="Default test" time="33.378" errors="0" timestamp="2020-12-13T16:21:39 CAT">
  <testcase classname="testDrills.Automation.testing.AppTest" name="test" time="14.472"/>
  <testcase classname="testDrills.Automation.testing.AppTest" name="test" time="33.32"/>
  <testcase classname="testDrills.Automation.testing.AppTest" name="test2" time="0.0">
    <ignored/>
  </testcase> <!-- test2 -->
</testsuite> <!-- Default test -->
