<?xml version="1.0" encoding="UTF-8"?>
<!-- Generated by org.testng.reporters.JUnitXMLReporter -->
<testsuite ignored="1" hostname="DESKTOP-R3IULL6" failures="0" tests="1" name="Test one" time="0.122" errors="0" timestamp="2020-12-05T23:40:26 CAT">
  <testcase classname="testDrills.Automation.testing.AppTest" name="test" time="0.004"/>
  <testcase classname="testDrills.Automation.testing.AppTest" name="test2" time="0.0">
    <ignored/>
  </testcase> <!-- test2 -->
</testsuite> <!-- Test one -->
