<?xml version="1.0" encoding="UTF-8"?>
<!-- Generated by org.testng.reporters.JUnitXMLReporter -->
<testsuite ignored="1" hostname="DESKTOP-R3IULL6" failures="0" tests="2" name="Test one" time="0.124" errors="0" timestamp="2020-12-12T21:43:40 CAT">
  <testcase classname="testDrills.Automation.testing.AppTest" name="test" time="0.013"/>
  <testcase classname="testDrills.Automation.testing.AppTest" name="test" time="0.0"/>
  <testcase classname="testDrills.Automation.testing.AppTest" name="test2" time="0.0">
    <ignored/>
  </testcase> <!-- test2 -->
</testsuite> <!-- Test one -->
