<?xml version="1.0" encoding="UTF-8"?>
<testsuite xmlns:xsi="http://www.w3.org/2001/XMLSchema-instance" xsi:noNamespaceSchemaLocation="https://maven.apache.org/surefire/maven-surefire-plugin/xsd/surefire-test-report.xsd" name="TestSuite" time="22.324" tests="3" errors="0" skipped="0" failures="0">
  <properties>
[...]
</properties>
  <testcase name="test" classname="testDrills.Automation.testing.AppTest" time="15.463"/>
  <testcase name="test" classname="testDrills.Automation.testing.AppTest" time="17.467"/>
  <testcase name="test2" classname="testDrills.Automation.testing.AppTest" time="0"/>
</testsuite>