<?xml version="1.0" encoding="UTF-8"?>
<testng-results ignored="1" total="3" passed="2" failed="0" skipped="0">
  <reporter-output>
  </reporter-output>
  <suite started-at="2020-12-13T16:21:06 CAT" name="Default suite" finished-at="2020-12-13T16:21:39 CAT" duration-ms="33378">
    <groups>
    </groups>
    <test started-at="2020-12-13T16:21:06 CAT" name="Default test" finished-at="2020-12-13T16:21:39 CAT" duration-ms="33378">
      <class name="testDrills.Automation.testing.AppTest">
        <test-method is-config="true" signature="setTestSuite()[pri:0, instance:testDrills.Automation.testing.AppTest@34f7cfd9]" started-at="2020-12-13T16:21:06 CAT" name="setTestSuite" finished-at="2020-12-13T16:21:06 CAT" duration-ms="166" status="PASS">
          <reporter-output>
          </reporter-output>
        </test-method> <!-- setTestSuite -->
        <test-method is-config="true" signature="setTestReport()[pri:0, instance:testDrills.Automation.testing.AppTest@34f7cfd9]" started-at="2020-12-13T16:21:06 CAT" name="setTestReport" finished-at="2020-12-13T16:21:06 CAT" duration-ms="1" status="PASS">
          <reporter-output>
          </reporter-output>
        </test-method> <!-- setTestReport -->
        <test-method is-config="true" signature="method3()[pri:0, instance:testDrills.Automation.testing.AppTest@34f7cfd9]" started-at="2020-12-13T16:21:06 CAT" name="method3" finished-at="2020-12-13T16:21:06 CAT" duration-ms="1" status="PASS">
          <reporter-output>
          </reporter-output>
        </test-method> <!-- method3 -->
        <test-method is-config="true" signature="createTestReport(java.lang.reflect.Method)[pri:0, instance:testDrills.Automation.testing.AppTest@34f7cfd9]" started-at="2020-12-13T16:21:06 CAT" name="createTestReport" finished-at="2020-12-13T16:21:06 CAT" duration-ms="5" status="PASS">
          <params>
            <param index="0">
              <value>
                <![CDATA[public void testDrills.Automation.testing.AppTest.test(java.lang.String,java.lang.String,java.lang.String)]]>
              </value>
            </param>
          </params>
          <reporter-output>
          </reporter-output>
        </test-method> <!-- createTestReport -->
        <test-method is-config="true" signature="createTestReport(java.lang.reflect.Method)[pri:0, instance:testDrills.Automation.testing.AppTest@34f7cfd9]" started-at="2020-12-13T16:21:06 CAT" name="createTestReport" finished-at="2020-12-13T16:21:06 CAT" duration-ms="4" status="PASS">
          <params>
            <param index="0">
              <value>
                <![CDATA[public void testDrills.Automation.testing.AppTest.test(java.lang.String,java.lang.String,java.lang.String)]]>
              </value>
            </param>
          </params>
          <reporter-output>
          </reporter-output>
        </test-method> <!-- createTestReport -->
        <test-method signature="test(java.lang.String, java.lang.String, java.lang.String)[pri:1, instance:testDrills.Automation.testing.AppTest@34f7cfd9]" started-at="2020-12-13T16:21:06 CAT" name="test" data-provider="getTableData" finished-at="2020-12-13T16:21:39 CAT" duration-ms="33320" status="PASS">
          <params>
            <param index="0">
              <value>
                <![CDATA[Johne]]>
              </value>
            </param>
            <param index="1">
              <value>
                <![CDATA[Doe]]>
              </value>
            </param>
            <param index="2">
              <value>
                <![CDATA[chrome]]>
              </value>
            </param>
          </params>
          <reporter-output>
          </reporter-output>
        </test-method> <!-- test -->
        <test-method signature="test(java.lang.String, java.lang.String, java.lang.String)[pri:1, instance:testDrills.Automation.testing.AppTest@34f7cfd9]" started-at="2020-12-13T16:21:06 CAT" name="test" data-provider="getTableData" finished-at="2020-12-13T16:21:20 CAT" duration-ms="14472" status="PASS">
          <params>
            <param index="0">
              <value>
                <![CDATA[Sihle]]>
              </value>
            </param>
            <param index="1">
              <value>
                <![CDATA[Mbeki]]>
              </value>
            </param>
            <param index="2">
              <value>
                <![CDATA[chrome]]>
              </value>
            </param>
          </params>
          <reporter-output>
          </reporter-output>
        </test-method> <!-- test -->
        <test-method is-config="true" signature="postMethod3()[pri:0, instance:testDrills.Automation.testing.AppTest@34f7cfd9]" started-at="2020-12-13T16:21:39 CAT" name="postMethod3" finished-at="2020-12-13T16:21:39 CAT" duration-ms="1" status="PASS">
          <reporter-output>
          </reporter-output>
        </test-method> <!-- postMethod3 -->
        <test-method is-config="true" signature="postMethod2()[pri:0, instance:testDrills.Automation.testing.AppTest@34f7cfd9]" started-at="2020-12-13T16:21:39 CAT" name="postMethod2" finished-at="2020-12-13T16:21:39 CAT" duration-ms="0" status="PASS">
          <reporter-output>
          </reporter-output>
        </test-method> <!-- postMethod2 -->
        <test-method is-config="true" signature="postMethod1()[pri:0, instance:testDrills.Automation.testing.AppTest@34f7cfd9]" started-at="2020-12-13T16:21:39 CAT" name="postMethod1" finished-at="2020-12-13T16:21:40 CAT" duration-ms="386" status="PASS">
          <reporter-output>
          </reporter-output>
        </test-method> <!-- postMethod1 -->
      </class> <!-- testDrills.Automation.testing.AppTest -->
    </test> <!-- Default test -->
  </suite> <!-- Default suite -->
</testng-results>
