<?xml version="1.0" encoding="UTF-8"?>
<testng-results ignored="1" total="2" passed="1" failed="0" skipped="0">
  <reporter-output>
  </reporter-output>
  <suite started-at="2020-12-05T23:15:41 CAT" name="Default suite" finished-at="2020-12-05T23:15:41 CAT" duration-ms="37">
    <groups>
    </groups>
    <test started-at="2020-12-05T23:15:41 CAT" name="Default test" finished-at="2020-12-05T23:15:41 CAT" duration-ms="37">
      <class name="testDrills.Automation.testing.AppTest">
        <test-method is-config="true" signature="method1()[pri:0, instance:testDrills.Automation.testing.AppTest@757acd7b]" started-at="2020-12-05T23:15:41 CAT" name="method1" finished-at="2020-12-05T23:15:41 CAT" duration-ms="9" status="PASS">
          <reporter-output>
          </reporter-output>
        </test-method> <!-- method1 -->
        <test-method is-config="true" signature="method2()[pri:0, instance:testDrills.Automation.testing.AppTest@757acd7b]" started-at="2020-12-05T23:15:41 CAT" name="method2" finished-at="2020-12-05T23:15:41 CAT" duration-ms="0" status="PASS">
          <reporter-output>
          </reporter-output>
        </test-method> <!-- method2 -->
        <test-method is-config="true" signature="method3()[pri:0, instance:testDrills.Automation.testing.AppTest@757acd7b]" started-at="2020-12-05T23:15:41 CAT" name="method3" finished-at="2020-12-05T23:15:41 CAT" duration-ms="0" status="PASS">
          <reporter-output>
          </reporter-output>
        </test-method> <!-- method3 -->
        <test-method is-config="true" signature="createTestReport(java.lang.reflect.Method)[pri:0, instance:testDrills.Automation.testing.AppTest@757acd7b]" started-at="2020-12-05T23:15:41 CAT" name="createTestReport" finished-at="2020-12-05T23:15:41 CAT" duration-ms="2" status="PASS">
          <params>
            <param index="0">
              <value>
                <![CDATA[public void testDrills.Automation.testing.AppTest.test2()]]>
              </value>
            </param>
          </params>
          <reporter-output>
          </reporter-output>
        </test-method> <!-- createTestReport -->
        <test-method signature="test2()[pri:0, instance:testDrills.Automation.testing.AppTest@757acd7b]" started-at="2020-12-05T23:15:41 CAT" name="test2" finished-at="2020-12-05T23:15:41 CAT" duration-ms="5" status="PASS">
          <reporter-output>
          </reporter-output>
        </test-method> <!-- test2 -->
        <test-method is-config="true" signature="postMethod3()[pri:0, instance:testDrills.Automation.testing.AppTest@757acd7b]" started-at="2020-12-05T23:15:41 CAT" name="postMethod3" finished-at="2020-12-05T23:15:41 CAT" duration-ms="0" status="PASS">
          <reporter-output>
          </reporter-output>
        </test-method> <!-- postMethod3 -->
        <test-method is-config="true" signature="postMethod2()[pri:0, instance:testDrills.Automation.testing.AppTest@757acd7b]" started-at="2020-12-05T23:15:41 CAT" name="postMethod2" finished-at="2020-12-05T23:15:41 CAT" duration-ms="0" status="PASS">
          <reporter-output>
          </reporter-output>
        </test-method> <!-- postMethod2 -->
        <test-method is-config="true" signature="postMethod1()[pri:0, instance:testDrills.Automation.testing.AppTest@757acd7b]" started-at="2020-12-05T23:15:41 CAT" name="postMethod1" finished-at="2020-12-05T23:15:41 CAT" duration-ms="1" status="PASS">
          <reporter-output>
          </reporter-output>
        </test-method> <!-- postMethod1 -->
      </class> <!-- testDrills.Automation.testing.AppTest -->
    </test> <!-- Default test -->
  </suite> <!-- Default suite -->
</testng-results>
